<?xml version="1.0" encoding="UTF-8"?>
<!-- Generated by org.testng.reporters.JUnitXMLReporter -->
<testsuite ignored="0" hostname="Neova-Navdeep_HP" failures="1" tests="1" name="TC02_LoginPage" time="11.879" errors="0" timestamp="19 Mar 2019 03:56:58 GMT">
  <testcase classname="testCases.TC02_LoginPage" name="validateTestCase2 on [TC02_LoginPage passed=0 failed=0 skipped=0]" time="0.003">
    <failure type="java.lang.AssertionError" message="expected [true] but found [false]">
      <![CDATA[java.lang.AssertionError: expected [true] but found [false]
at testCases.TC02_LoginPage.validateTestCase2(TC02_LoginPage.java:16)
... Removed 29 stack frames]]>
    </failure>
  </testcase> <!-- validateTestCase2 on [TC02_LoginPage passed=0 failed=0 skipped=0] -->
</testsuite> <!-- TC02_LoginPage -->
