<?xml version="1.0" encoding="UTF-8"?>
<!-- Generated by org.testng.reporters.JUnitXMLReporter -->
<testsuite ignored="0" hostname="Neova-Navdeep_HP" failures="1" tests="1" name="TC03_HomePage" time="12.835" errors="0" timestamp="19 Mar 2019 03:57:11 GMT">
  <testcase classname="testCases.TC03_HomePage" name="validateTestCase3 on [TC03_HomePage passed=0 failed=0 skipped=0]" time="0.002">
    <failure type="java.lang.AssertionError" message="expected [true] but found [false]">
      <![CDATA[java.lang.AssertionError: expected [true] but found [false]
at testCases.TC03_HomePage.validateTestCase3(TC03_HomePage.java:18)
... Removed 29 stack frames]]>
    </failure>
  </testcase> <!-- validateTestCase3 on [TC03_HomePage passed=0 failed=0 skipped=0] -->
</testsuite> <!-- TC03_HomePage -->
